5 -7 82.0
-1 -7 73.0
5 -1 84.6667
-1 -1 82.0833
11 -7 84.5
11 -1 84.8333
5 -13 72.8333
-1 -13 72.3333
11 -13 82.0
-3 -7 73.0
-3 -1 80.0
-3 -13 72.3333
5 1 84.9167
-1 1 83.3333
11 1 85.0833
-3 1 82.0
9 -7 84.0
9 -1 85.0
9 -13 80.0
9 1 85.0
5 -11 76.5833
-1 -11 72.4167
11 -11 83.3333
-3 -11 72.4167
9 -11 82.0
3 -7 80.0
3 -1 84.0833
3 -13 72.8333
3 1 84.6667
3 -11 72.8333
5 -5 83.3333
-1 -5 76.5833
11 -5 84.9167
-3 -5 73.0
9 -5 84.5
3 -5 82.0
15 -7 85.0
15 -1 85.0833
15 -13 84.0833
15 1 85.1667
15 -11 84.6667
15 -5 85.0
5 -15 72.8333
-1 -15 72.3333
11 -15 80.0
-3 -15 72.3333
9 -15 76.5833
3 -15 72.3333
15 -15 83.4167
-5 -7 72.8333
-5 -1 76.5833
-5 -13 72.3333
-5 1 80.0
-5 -11 72.4167
-5 -5 73.0
-5 -15 72.3333
5 3 85.0
-1 3 84.0833
11 3 85.3333
-3 3 83.0
9 3 85.0
3 3 84.9167
15 3 85.25
-5 3 81.8333
7 -7 83.3333
7 -1 84.9167
7 -13 76.5833
7 1 84.8333
7 -11 80.0
7 -5 84.0833
7 -15 72.8333
7 3 85.0833
5 -9 80.0
-1 -9 73.0
11 -9 84.0
-3 -9 72.5833
9 -9 83.3333
3 -9 76.5833
15 -9 84.9167
-5 -9 72.5833
7 -9 82.0
1 -7 76.5833
1 -1 83.1667
1 -13 72.3333
1 1 84.0833
1 -11 72.8333
1 -5 80.0
1 -15 72.3333
1 3 84.6667
1 -9 73.0
5 -3 84.0833
-1 -3 80.0
11 -3 85.0
-3 -3 76.5833
9 -3 84.9167
3 -3 83.3333
15 -3 84.8333
-5 -3 73.25
7 -3 84.5
1 -3 82.0
13 -7 84.9167
13 -1 84.8333
13 -13 83.3333
13 1 85.1667
13 -11 84.0833
13 -5 85.0
13 -15 82.0
13 3 85.3333
13 -9 84.5
13 -3 85.0
